18:33:27: Creating resource group General
18:33:27: Creating resource group Internal
18:33:27: Creating resource group Autodetect
18:33:27: SceneManagerFactory for type 'DefaultSceneManager' registered.
18:33:27: Registering ResourceManager for type Material
18:33:27: Registering ResourceManager for type Mesh
18:33:27: Registering ResourceManager for type Skeleton
18:33:27: MovableObjectFactory for type 'ParticleSystem' registered.
18:33:27: OverlayElementFactory for type Panel registered.
18:33:27: OverlayElementFactory for type BorderPanel registered.
18:33:27: OverlayElementFactory for type TextArea registered.
18:33:27: Registering ResourceManager for type Font
18:33:27: ArchiveFactory for archive type FileSystem registered.
18:33:27: ArchiveFactory for archive type Zip registered.
18:33:27: DDS codec registering
18:33:27: FreeImage version: 3.10.0
18:33:27: This program uses FreeImage, a free, open source image library supporting all common bitmap formats. See http://freeimage.sourceforge.net for details
18:33:27: Supported formats: bmp,ico,jpg,jif,jpeg,jpe,jng,koa,iff,lbm,mng,pbm,pbm,pcd,pcx,pgm,pgm,png,ppm,ppm,ras,tga,targa,tif,tiff,wap,wbmp,wbm,psd,cut,xbm,xpm,gif,hdr,g3,sgi,exr,j2k,j2c,jp2
18:33:27: Registering ResourceManager for type HighLevelGpuProgram
18:33:27: Registering ResourceManager for type Compositor
18:33:27: MovableObjectFactory for type 'Entity' registered.
18:33:27: MovableObjectFactory for type 'Light' registered.
18:33:27: MovableObjectFactory for type 'BillboardSet' registered.
18:33:27: MovableObjectFactory for type 'ManualObject' registered.
18:33:27: MovableObjectFactory for type 'BillboardChain' registered.
18:33:27: MovableObjectFactory for type 'RibbonTrail' registered.
18:33:27: Loading library /usr/lib/OGRE/RenderSystem_GL
18:33:27: Installing plugin: GL RenderSystem
18:33:27: OpenGL Rendering Subsystem created.
18:33:27: Plugin successfully installed
18:33:27: Loading library /usr/lib/OGRE/Plugin_ParticleFX
18:33:27: Installing plugin: ParticleFX
18:33:27: Particle Emitter Type 'Point' registered
18:33:27: Particle Emitter Type 'Box' registered
18:33:27: Particle Emitter Type 'Ellipsoid' registered
18:33:27: Particle Emitter Type 'Cylinder' registered
18:33:27: Particle Emitter Type 'Ring' registered
18:33:27: Particle Emitter Type 'HollowEllipsoid' registered
18:33:27: Particle Affector Type 'LinearForce' registered
18:33:27: Particle Affector Type 'ColourFader' registered
18:33:27: Particle Affector Type 'ColourFader2' registered
18:33:27: Particle Affector Type 'ColourImage' registered
18:33:27: Particle Affector Type 'ColourInterpolator' registered
18:33:27: Particle Affector Type 'Scaler' registered
18:33:27: Particle Affector Type 'Rotator' registered
18:33:27: Particle Affector Type 'DirectionRandomiser' registered
18:33:27: Particle Affector Type 'DeflectorPlane' registered
18:33:27: Plugin successfully installed
18:33:27: Loading library /usr/lib/OGRE/Plugin_BSPSceneManager
18:33:27: Installing plugin: BSP Scene Manager
18:33:27: Plugin successfully installed
18:33:27: Loading library /usr/lib/OGRE/Plugin_OctreeSceneManager
18:33:27: Installing plugin: Octree & Terrain Scene Manager
18:33:27: Plugin successfully installed
18:33:27: Loading library /usr/lib/OGRE/Plugin_CgProgramManager
18:33:27: Installing plugin: Cg Program Manager
18:33:27: Plugin successfully installed
18:33:27: *-*-* OGRE Initialising
18:33:27: *-*-* Version 1.7.2 (Cthugha)
18:33:27: Creating resource group Bootstrap
18:33:27: Added resource location '/home/cs/sushil/tutorials/OgreCore.zip' of type 'Zip' to resource group 'Bootstrap'
18:33:27: Added resource location '/home/cs/sushil/tutorials/media' of type 'FileSystem' to resource group 'General'
18:33:27: Added resource location '/home/cs/sushil/tutorials/media/fonts' of type 'FileSystem' to resource group 'General'
18:33:27: Added resource location '/home/cs/sushil/tutorials/media/sounds' of type 'FileSystem' to resource group 'General'
18:33:27: Added resource location '/home/cs/sushil/tutorials/media/Audio' of type 'FileSystem' to resource group 'General'
18:33:27: Added resource location '/home/cs/sushil/381/material/programs' of type 'FileSystem' to resource group 'General'
18:33:27: Added resource location '/home/cs/sushil/381/material/scripts' of type 'FileSystem' to resource group 'General'
18:33:27: Added resource location '/home/cs/sushil/381/material' of type 'FileSystem' to resource group 'General'
18:33:27: Added resource location '/home/cs/sushil/381/meshes' of type 'FileSystem' to resource group 'General'
18:33:27: Added resource location '/home/cs/sushil/381/material/textures' of type 'FileSystem' to resource group 'General'
18:33:27: Added resource location '/home/cse/jcsells/Desktop/cube/assets/material/scripts' of type 'FileSystem' to resource group 'General'
18:33:27: Added resource location '/home/cse/jcsells/Desktop/cube/assets/material' of type 'FileSystem' to resource group 'General'
18:33:27: Added resource location '/home/cse/jcsells/Desktop/cube/assets/meshes' of type 'FileSystem' to resource group 'General'
18:33:27: Added resource location '/home/cse/jcsells/Desktop/cube/assets/material/textures' of type 'FileSystem' to resource group 'General'
18:33:27: Added resource location '/home/cs/sushil/tutorials/media/overlays' of type 'FileSystem' to resource group 'General'
18:33:27: Added resource location '/home/cs/sushil/tutorials/media/particle' of type 'FileSystem' to resource group 'General'
18:33:27: Added resource location '/home/cs/sushil/tutorials/media/gui' of type 'FileSystem' to resource group 'General'
18:33:27: Added resource location '/home/cs/sushil/tutorials/media/packs/cubemap.zip' of type 'Zip' to resource group 'General'
18:33:27: Added resource location '/home/cs/sushil/tutorials/media/packs/cubemapsJS.zip' of type 'Zip' to resource group 'General'
18:33:27: Added resource location '/home/cs/sushil/tutorials/media/packs/dragon.zip' of type 'Zip' to resource group 'General'
18:33:27: Added resource location '/home/cs/sushil/tutorials/media/packs/fresneldemo.zip' of type 'Zip' to resource group 'General'
18:33:27: Added resource location '/home/cs/sushil/tutorials/media/packs/ogretestmap.zip' of type 'Zip' to resource group 'General'
18:33:27: Added resource location '/home/cs/sushil/tutorials/media/packs/skybox.zip' of type 'Zip' to resource group 'General'
18:33:27: CPU Identifier & Features
18:33:27: -------------------------
18:33:27:  *   CPU ID: GenuineIntel: Intel(R) Core(TM) i7 CPU         860  @ 2.80GHz
18:33:27:  *      SSE: yes
18:33:27:  *     SSE2: yes
18:33:27:  *     SSE3: yes
18:33:27:  *      MMX: yes
18:33:27:  *   MMXEXT: yes
18:33:27:  *    3DNOW: no
18:33:27:  * 3DNOWEXT: no
18:33:27:  *     CMOV: yes
18:33:27:  *      TSC: yes
18:33:27:  *      FPU: yes
18:33:27:  *      PRO: yes
18:33:27:  *       HT: no
18:33:27: -------------------------
18:33:27: ******************************
*** Starting GLX Subsystem ***
******************************
18:33:27: GLRenderSystem::_createRenderWindow "CS 381 Spring 2012 Engine Version 1.0", 1440x900 fullscreen  miscParams: FSAA=0 displayFrequency=53 MHz gamma=No vsync=No 
18:33:27: GLXWindow::create used FBConfigID = 117
18:33:27: GL_VERSION = 3.3.0 NVIDIA 256.53
18:33:27: GL_VENDOR = NVIDIA Corporation
18:33:27: GL_RENDERER = GeForce 210/PCI/SSE2
18:33:27: GL_EXTENSIONS = GL_ARB_blend_func_extended GL_ARB_color_buffer_float GL_ARB_compatibility GL_ARB_copy_buffer GL_ARB_depth_buffer_float GL_ARB_depth_clamp GL_ARB_depth_texture GL_ARB_draw_buffers GL_ARB_draw_buffers_blend GL_ARB_draw_elements_base_vertex GL_ARB_draw_instanced GL_ARB_explicit_attrib_location GL_ARB_fragment_coord_conventions GL_ARB_fragment_program GL_ARB_fragment_program_shadow GL_ARB_fragment_shader GL_ARB_framebuffer_object GL_ARB_framebuffer_sRGB GL_ARB_geometry_shader4 GL_ARB_half_float_pixel GL_ARB_half_float_vertex GL_ARB_imaging GL_ARB_instanced_arrays GL_ARB_map_buffer_range GL_ARB_multisample GL_ARB_multitexture GL_ARB_occlusion_query GL_ARB_occlusion_query2 GL_ARB_pixel_buffer_object GL_ARB_point_parameters GL_ARB_point_sprite GL_ARB_provoking_vertex GL_ARB_sample_shading GL_ARB_sampler_objects GL_ARB_seamless_cube_map GL_ARB_shader_bit_encoding GL_ARB_shader_objects GL_ARB_shading_language_100 GL_ARB_shadow GL_ARB_sync GL_ARB_texture_border_clamp GL_ARB_texture_buffer_object GL_ARB_texture_compression GL_ARB_texture_compression_rgtc GL_ARB_texture_cube_map GL_ARB_texture_cube_map_array GL_ARB_texture_env_add GL_ARB_texture_env_combine GL_ARB_texture_env_crossbar GL_ARB_texture_env_dot3 GL_ARB_texture_float GL_ARB_texture_gather GL_ARB_texture_mirrored_repeat GL_ARB_texture_multisample GL_ARB_texture_non_power_of_two GL_ARB_texture_query_lod GL_ARB_texture_rectangle GL_ARB_texture_rg GL_ARB_texture_rgb10_a2ui GL_ARB_texture_swizzle GL_ARB_timer_query GL_ARB_transform_feedback2 GL_ARB_transpose_matrix GL_ARB_uniform_buffer_object GL_ARB_vertex_array_bgra GL_ARB_vertex_array_object GL_ARB_vertex_buffer_object GL_ARB_vertex_program GL_ARB_vertex_shader GL_ARB_vertex_type_2_10_10_10_rev GL_ARB_window_pos GL_ATI_draw_buffers GL_ATI_texture_float GL_ATI_texture_mirror_once GL_S3_s3tc GL_EXT_texture_env_add GL_EXT_abgr GL_EXT_bgra GL_EXT_bindable_uniform GL_EXT_blend_color GL_EXT_blend_equation_separate GL_EXT_blend_func_separate GL_EXT_blend_minmax GL_EXT_blend_subtract GL_EXT_compiled_vertex_array GL_EXT_Cg_shader GL_EXT_depth_bounds_test GL_EXT_direct_state_access GL_EXT_draw_buffers2 GL_EXT_draw_instanced GL_EXT_draw_range_elements GL_EXT_fog_coord GL_EXT_framebuffer_blit GL_EXT_framebuffer_multisample GL_EXTX_framebuffer_mixed_formats GL_EXT_framebuffer_object GL_EXT_framebuffer_sRGB GL_EXT_geometry_shader4 GL_EXT_gpu_program_parameters GL_EXT_gpu_shader4 GL_EXT_multi_draw_arrays GL_EXT_packed_depth_stencil GL_EXT_packed_float GL_EXT_packed_pixels GL_EXT_pixel_buffer_object GL_EXT_point_parameters GL_EXT_provoking_vertex GL_EXT_rescale_normal GL_EXT_secondary_color GL_EXT_separate_shader_objects GL_EXT_separate_specular_color GL_EXT_shadow_funcs GL_EXT_stencil_two_side GL_EXT_stencil_wrap GL_EXT_texture3D GL_EXT_texture_array GL_EXT_texture_buffer_object GL_EXT_texture_compression_latc GL_EXT_texture_compression_rgtc GL_EXT_texture_compression_s3tc GL_EXT_texture_cube_map GL_EXT_texture_edge_clamp GL_EXT_texture_env_combine GL_EXT_texture_env_dot3 GL_EXT_texture_filter_anisotropic GL_EXT_texture_integer GL_EXT_texture_lod GL_EXT_texture_lod_bias GL_EXT_texture_mirror_clamp GL_EXT_texture_object GL_EXT_texture_shared_exponent GL_EXT_texture_sRGB GL_EXT_texture_swizzle GL_EXT_timer_query GL_EXT_transform_feedback2 GL_EXT_vertex_array GL_EXT_vertex_array_bgra GL_IBM_rasterpos_clip GL_IBM_texture_mirrored_repeat GL_KTX_buffer_region GL_NV_blend_square GL_NV_conditional_render GL_NV_copy_depth_to_color GL_NV_copy_image GL_NV_depth_buffer_float GL_NV_depth_clamp GL_NV_explicit_multisample GL_NV_fence GL_NV_float_buffer GL_NV_fog_distance GL_NV_fragment_program GL_NV_fragment_program_option GL_NV_fragment_program2 GL_NV_framebuffer_multisample_coverage GL_NV_geometry_shader4 GL_NV_gpu_program4 GL_NV_gpu_program4_1 GL_NV_half_float GL_NV_light_max_exponent GL_NV_multisample_coverage GL_NV_multisample_filter_hint GL_NV_occlusion_query GL_NV_packed_depth_stencil GL_NV_parameter_buffer_object GL_NV_parameter_buffer_object2 GL_NV_pixel_data_range GL_NV_point_sprite GL_NV_primitive_restart GL_NV_register_combiners GL_NV_register_combiners2 GL_NV_shader_buffer_load GL_NV_texgen_reflection GL_NV_texture_barrier GL_NV_texture_compression_vtc GL_NV_texture_env_combine4 GL_NV_texture_expand_normal GL_NV_texture_multisample GL_NV_texture_rectangle GL_NV_texture_shader GL_NV_texture_shader2 GL_NV_texture_shader3 GL_NV_transform_feedback GL_NV_transform_feedback2 GL_NV_vdpau_interop GL_NV_vertex_array_range GL_NV_vertex_array_range2 GL_NV_vertex_buffer_unified_memory GL_NV_vertex_program GL_NV_vertex_program1_1 GL_NV_vertex_program2 GL_NV_vertex_program2_option GL_NV_vertex_program3 GL_NVX_conditional_render GL_NVX_gpu_memory_info GL_SGIS_generate_mipmap GL_SGIS_texture_lod GL_SGIX_depth_texture GL_SGIX_shadow GL_SUN_slice_accum 
18:33:27: Supported GLX extensions: GLX_EXT_visual_info GLX_EXT_visual_rating GLX_SGIX_fbconfig GLX_SGIX_pbuffer GLX_SGI_video_sync GLX_SGI_swap_control GLX_EXT_swap_control GLX_EXT_texture_from_pixmap GLX_ARB_create_context GLX_ARB_create_context_profile GLX_ARB_multisample GLX_NV_float_buffer GLX_ARB_fbconfig_float GLX_EXT_framebuffer_sRGB GLX_ARB_get_proc_address 
18:33:27: ***************************
18:33:27: *** GL Renderer Started ***
18:33:27: ***************************
18:33:27: Registering ResourceManager for type GpuProgram
18:33:27: GLSL support detected
18:33:27: GL: Using GL_EXT_framebuffer_object for rendering to textures (best)
18:33:27: FBO PF_UNKNOWN depth/stencil support: D16S0 D24S0 D32S0 Packed-D24S8 
18:33:27: FBO PF_L8 depth/stencil support: D0S0 D16S0 D24S0 D32S0 Packed-D24S8 
18:33:27: FBO PF_A8 depth/stencil support: D0S0 D16S0 D24S0 D32S0 Packed-D24S8 
18:33:27: FBO PF_A4L4 depth/stencil support: D0S0 D16S0 D24S0 D32S0 Packed-D24S8 
18:33:27: FBO PF_BYTE_LA depth/stencil support: D0S0 D16S0 D24S0 D32S0 Packed-D24S8 
18:33:27: FBO PF_R5G6B5 depth/stencil support: D0S0 D16S0 D24S0 D32S0 Packed-D24S8 
18:33:27: FBO PF_B5G6R5 depth/stencil support: D0S0 D16S0 D24S0 D32S0 Packed-D24S8 
18:33:27: FBO PF_A1R5G5B5 depth/stencil support: D0S0 D16S0 D24S0 D32S0 Packed-D24S8 
18:33:27: FBO PF_R8G8B8 depth/stencil support: D0S0 D16S0 D24S0 D32S0 Packed-D24S8 
18:33:27: FBO PF_B8G8R8 depth/stencil support: D0S0 D16S0 D24S0 D32S0 Packed-D24S8 
18:33:27: FBO PF_A8R8G8B8 depth/stencil support: D0S0 D16S0 D24S0 D32S0 Packed-D24S8 
18:33:27: FBO PF_B8G8R8A8 depth/stencil support: D0S0 D16S0 D24S0 D32S0 Packed-D24S8 
18:33:27: FBO PF_A2R10G10B10 depth/stencil support: D0S0 D16S0 D24S0 D32S0 Packed-D24S8 
18:33:27: FBO PF_A2B10G10R10 depth/stencil support: D0S0 D16S0 D24S0 D32S0 Packed-D24S8 
18:33:27: FBO PF_FLOAT16_RGB depth/stencil support: D0S0 D16S0 D24S0 D32S0 Packed-D24S8 
18:33:27: FBO PF_FLOAT16_RGBA depth/stencil support: D0S0 D16S0 D24S0 D32S0 Packed-D24S8 
18:33:27: FBO PF_FLOAT32_RGB depth/stencil support: D0S0 D16S0 D24S0 D32S0 Packed-D24S8 
18:33:27: FBO PF_FLOAT32_RGBA depth/stencil support: D0S0 D16S0 D24S0 D32S0 Packed-D24S8 
18:33:27: FBO PF_X8R8G8B8 depth/stencil support: D0S0 D16S0 D24S0 D32S0 Packed-D24S8 
18:33:27: FBO PF_X8B8G8R8 depth/stencil support: D0S0 D16S0 D24S0 D32S0 Packed-D24S8 
18:33:27: FBO PF_SHORT_RGBA depth/stencil support: D0S0 D16S0 D24S0 D32S0 Packed-D24S8 
18:33:27: FBO PF_R3G3B2 depth/stencil support: D0S0 D16S0 D24S0 D32S0 Packed-D24S8 
18:33:27: FBO PF_FLOAT16_R depth/stencil support: D0S0 D16S0 D24S0 D32S0 Packed-D24S8 
18:33:28: FBO PF_FLOAT32_R depth/stencil support: D0S0 D16S0 D24S0 D32S0 Packed-D24S8 
18:33:28: FBO PF_FLOAT16_GR depth/stencil support: D0S0 D16S0 D24S0 D32S0 Packed-D24S8 
18:33:28: FBO PF_FLOAT32_GR depth/stencil support: D0S0 D16S0 D24S0 D32S0 Packed-D24S8 
18:33:28: FBO PF_SHORT_RGB depth/stencil support: D0S0 D16S0 D24S0 D32S0 Packed-D24S8 
18:33:28: [GL] : Valid FBO targets PF_UNKNOWN PF_L8 PF_A8 PF_A4L4 PF_BYTE_LA PF_R5G6B5 PF_B5G6R5 PF_A1R5G5B5 PF_R8G8B8 PF_B8G8R8 PF_A8R8G8B8 PF_B8G8R8A8 PF_A2R10G10B10 PF_A2B10G10R10 PF_FLOAT16_RGB PF_FLOAT16_RGBA PF_FLOAT32_RGB PF_FLOAT32_RGBA PF_X8R8G8B8 PF_X8B8G8R8 PF_SHORT_RGBA PF_R3G3B2 PF_FLOAT16_R PF_FLOAT32_R PF_FLOAT16_GR PF_FLOAT32_GR PF_SHORT_RGB 
18:33:28: RenderSystem capabilities
18:33:28: -------------------------
18:33:28: RenderSystem Name: OpenGL Rendering Subsystem
18:33:28: GPU Vendor: nvidia
18:33:28: Device Name: GeForce 210/PCI/SSE2
18:33:28: Driver Version: 3.3.0.0
18:33:28:  * Fixed function pipeline: yes
18:33:28:  * Hardware generation of mipmaps: yes
18:33:28:  * Texture blending: yes
18:33:28:  * Anisotropic texture filtering: yes
18:33:28:  * Dot product texture operation: yes
18:33:28:  * Cube mapping: yes
18:33:28:  * Hardware stencil buffer: yes
18:33:28:    - Stencil depth: 8
18:33:28:    - Two sided stencil support: yes
18:33:28:    - Wrap stencil values: yes
18:33:28:  * Hardware vertex / index buffers: yes
18:33:28:  * Vertex programs: yes
18:33:28:  * Number of floating-point constants for vertex programs: 1024
18:33:28:  * Number of integer constants for vertex programs: 0
18:33:28:  * Number of boolean constants for vertex programs: 0
18:33:28:  * Fragment programs: yes
18:33:28:  * Number of floating-point constants for fragment programs: 512
18:33:28:  * Number of integer constants for fragment programs: 0
18:33:28:  * Number of boolean constants for fragment programs: 0
18:33:28:  * Geometry programs: yes
18:33:28:  * Number of floating-point constants for geometry programs: 512
18:33:28:  * Number of integer constants for geometry programs: 0
18:33:28:  * Number of boolean constants for geometry programs: 0
18:33:28:  * Supported Shader Profiles: arbfp1 arbvp1 fp20 fp30 fp40 glsl gp4gp gpu_gp nvgp4 vp30 vp40
18:33:28:  * Texture Compression: yes
18:33:28:    - DXT: yes
18:33:28:    - VTC: yes
18:33:28:    - PVRTC: no
18:33:28:  * Scissor Rectangle: yes
18:33:28:  * Hardware Occlusion Query: yes
18:33:28:  * User clip planes: yes
18:33:28:  * VET_UBYTE4 vertex element type: yes
18:33:28:  * Infinite far plane projection: yes
18:33:28:  * Hardware render-to-texture: yes
18:33:28:  * Floating point textures: yes
18:33:28:  * Non-power-of-two textures: yes
18:33:28:  * Volume textures: yes
18:33:28:  * Multiple Render Targets: 8
18:33:28:    - With different bit depths: yes
18:33:28:  * Point Sprites: yes
18:33:28:  * Extended point parameters: yes
18:33:28:  * Max Point Size: 63.375
18:33:28:  * Vertex texture fetch: yes
18:33:28:  * Number of world matrices: 0
18:33:28:  * Number of texture units: 32
18:33:28:  * Stencil buffer depth: 8
18:33:28:  * Number of vertex blend matrices: 0
18:33:28:    - Max vertex textures: 32
18:33:28:    - Vertex textures shared: yes
18:33:28:  * Render to Vertex Buffer : yes
18:33:28:  * GL 1.5 without VBO workaround: no
18:33:28:  * Frame Buffer objects: yes
18:33:28:  * Frame Buffer objects (ARB extension): no
18:33:28:  * Frame Buffer objects (ATI extension): no
18:33:28:  * PBuffer support: yes
18:33:28:  * GL 1.5 without HW-occlusion workaround: no
18:33:28: Registering ResourceManager for type Texture
18:33:28: DefaultWorkQueue('Root') initialising on thread 0x21dc830.
18:33:28: DefaultWorkQueue('Root')::WorkerFunc - thread 0x2562b20 starting.
18:33:28: DefaultWorkQueue('Root')::WorkerFunc - thread 0x2562380 starting.
18:33:28: DefaultWorkQueue('Root')::WorkerFunc - thread 0x24d7320 starting.
18:33:28: DefaultWorkQueue('Root')::WorkerFunc - thread 0x2560650 starting.
18:33:28: DefaultWorkQueue('Root')::WorkerFunc - thread 0x255e050 starting.
18:33:28: DefaultWorkQueue('Root')::WorkerFunc - thread 0x2562930 starting.
18:33:28: Particle Renderer Type 'billboard' registered
18:33:28: DefaultWorkQueue('Root')::WorkerFunc - thread 0x255f550 starting.
18:33:28: DefaultWorkQueue('Root')::WorkerFunc - thread 0x255f7e0 starting.
18:33:28: SceneManagerFactory for type 'BspSceneManager' registered.
18:33:28: Registering ResourceManager for type BspLevel
18:33:28: SceneManagerFactory for type 'OctreeSceneManager' registered.
18:33:28: SceneManagerFactory for type 'TerrainSceneManager' registered.
18:33:28: Parsing scripts for resource group Autodetect
18:33:28: Finished parsing scripts for resource group Autodetect
18:33:28: Parsing scripts for resource group Bootstrap
18:33:28: Parsing script OgreCore.material
18:33:28: Parsing script OgreProfiler.material
18:33:28: Parsing script Ogre.fontdef
18:33:28: Parsing script OgreDebugPanel.overlay
18:33:28: Texture: New_Ogre_Border_Center.png: Loading 1 faces(PF_A8R8G8B8,256x128x1) with 5 generated mipmaps from Image. Internal format is PF_A8R8G8B8,256x128x1.
18:33:28: Texture: New_Ogre_Border.png: Loading 1 faces(PF_A8R8G8B8,256x256x1) with 5 generated mipmaps from Image. Internal format is PF_A8R8G8B8,256x256x1.
18:33:28: Texture: New_Ogre_Border_Break.png: Loading 1 faces(PF_A8R8G8B8,32x32x1) with 5 generated mipmaps from Image. Internal format is PF_A8R8G8B8,32x32x1.
18:33:28: Texture: ogretext.png: Loading 1 faces(PF_A8R8G8B8,256x128x1) with 5 generated mipmaps from Image. Internal format is PF_A8R8G8B8,256x128x1.
18:33:28: Parsing script OgreLoadingPanel.overlay
18:33:28: Finished parsing scripts for resource group Bootstrap
18:33:28: Parsing scripts for resource group General
18:33:28: Parsing script StdQuad_vp.program
18:33:28: Parsing script Examples.program
18:33:28: GLSL compiling: Ogre/BasicVertexPrograms/AmbientOneTextureGLSL
18:33:28: GLSL compiled : Ogre/BasicVertexPrograms/AmbientOneTextureGLSL
18:33:28: GLSL compiling: Ogre/HardwareSkinningTwoWeightsGLSL
18:33:28: GLSL compiled : Ogre/HardwareSkinningTwoWeightsGLSL
18:33:28: Parsing script instancing.material
18:33:28: GLSL compiling: InstancingGLSL
18:33:28: GLSL compiled : InstancingGLSL
18:33:28: GLSL compiling: InstancingShadowCasterGLSL
18:33:28: GLSL compiled : InstancingShadowCasterGLSL
18:33:28: GLSL compiling: CrowdGLSL
18:33:28: GLSL compiled : CrowdGLSL
18:33:28: GLSL compiling: CrowdShadowCasterGLSL
18:33:28: GLSL compiled : CrowdShadowCasterGLSL
18:33:28: Parsing script pssm.material
18:33:28: Parsing script RZR-002.material
18:33:28: Parsing script RadialBlur.material
18:33:28: Parsing script cigarette.material
18:33:28: Parsing script wake.material
18:33:28: Parsing script MotionBlur.material
18:33:28: Parsing script shipInfo.material
18:33:28: Parsing script OffsetMapping.material
18:33:28: Compiler error: object unsupported by render system in OffsetMapping.material(18)
18:33:28: GLSL compiling: Examples/OffsetMappingIntegratedShadowsFPglsl
18:33:28: GLSL compiled : Examples/OffsetMappingIntegratedShadowsFPglsl
18:33:28: GLSL compiling: Examples/OffsetMappingIntegratedShadowsVPglsl
18:33:28: GLSL compiled : Examples/OffsetMappingIntegratedShadowsVPglsl
18:33:28: Parsing script button.material
18:33:28: Parsing script hdr.material
18:33:28: GLSL compiling: Ogre/Compositor/HDR/downscale2x2LuminenceGLSL_fp
18:33:28: GLSL compiled : Ogre/Compositor/HDR/downscale2x2LuminenceGLSL_fp
18:33:28: GLSL compiling: Ogre/Compositor/StdQuad_GLSL_vp
18:33:28: GLSL compiled : Ogre/Compositor/StdQuad_GLSL_vp
18:33:28: GLSL compiling: Ogre/Compositor/HDR/downscale3x3GLSL_fp
18:33:28: GLSL compiled : Ogre/Compositor/HDR/downscale3x3GLSL_fp
18:33:28: GLSL compiling: Ogre/Compositor/HDR/utils_fp
18:33:28: GLSL compiled : Ogre/Compositor/HDR/utils_fp
18:33:28: GLSL compiling: Ogre/Compositor/HDR/downscale3x3brightpassGLSL_fp
18:33:28: GLSL compiled : Ogre/Compositor/HDR/downscale3x3brightpassGLSL_fp
18:33:28: GLSL compiling: Ogre/Compositor/HDR/bloomGLSL_fp
18:33:28: GLSL compiled : Ogre/Compositor/HDR/bloomGLSL_fp
18:33:28: GLSL compiling: Ogre/Compositor/HDR/utils_fp
18:33:28: GLSL compiled : Ogre/Compositor/HDR/utils_fp
18:33:28: GLSL compiling: Ogre/Compositor/HDR/finaltonemappingGLSL_fp
18:33:28: GLSL compiled : Ogre/Compositor/HDR/finaltonemappingGLSL_fp
18:33:28: Parsing script f1Overlay.material
18:33:28: Parsing script sleek.material
18:33:28: Parsing script cvn68.material
18:33:28: Parsing script NightVision.material
18:33:28: Parsing script ddg51.material
18:33:28: Parsing script Halftone.material
18:33:28: Parsing script OldTV.material
18:33:28: Parsing script DepthShadowmap.material
18:33:28: GLSL compiling: Ogre/DepthShadowmap/CasterVP_GLSL
18:33:28: GLSL compiled : Ogre/DepthShadowmap/CasterVP_GLSL
18:33:28: GLSL compiling: Ogre/DepthShadowmap/CasterFP_GLSL
18:33:28: GLSL compiled : Ogre/DepthShadowmap/CasterFP_GLSL
18:33:28: GLSL compiling: Ogre/DepthShadowmap/ReceiverVP_GLSL
18:33:28: GLSL compiled : Ogre/DepthShadowmap/ReceiverVP_GLSL
18:33:28: GLSL compiling: Ogre/DepthShadowmap/ReceiverFP_GLSL
18:33:28: GLSL compiled : Ogre/DepthShadowmap/ReceiverFP_GLSL
18:33:28: GLSL compiling: Ogre/DepthShadowmap/ReceiverFPPCF_GLSL
18:33:28: GLSL compiled : Ogre/DepthShadowmap/ReceiverFPPCF_GLSL
18:33:28: GLSL compiling: Ogre/DepthShadowmap/NormalMapReceiverVP_GLSL
18:33:28: GLSL compiled : Ogre/DepthShadowmap/NormalMapReceiverVP_GLSL
18:33:28: GLSL compiling: Ogre/DepthShadowmap/NormalMapReceiverFP_GLSL
18:33:28: GLSL compiled : Ogre/DepthShadowmap/NormalMapReceiverFP_GLSL
18:33:28: GLSL compiling: Ogre/DepthShadowmap/NormalMapReceiverFPPCF_GLSL
18:33:28: GLSL compiled : Ogre/DepthShadowmap/NormalMapReceiverFPPCF_GLSL
18:33:28: Parsing script Example-Water.material
18:33:28: Parsing script Hurt.material
18:33:28: Parsing script DOF.material
18:33:28: Parsing script Example-DynTex.material
18:33:28: Parsing script CGSwizzle.material
18:33:28: Parsing script Scene.material
18:33:28: Parsing script ui.material
18:33:28: Parsing script Laplace.material
18:33:28: Parsing script BlackAndWhite.material
18:33:28: Parsing script Invert.material
18:33:28: Parsing script rmenu.material
18:33:28: Parsing script MRTtest.material
18:33:28: GLSL compiling: Ogre/MRTtest/scenefp/GLSL
18:33:28: GLSL compiled : Ogre/MRTtest/scenefp/GLSL
18:33:28: GLSL compiling: Ogre/MRTtest/quadfp/GLSL
18:33:28: GLSL compiled : Ogre/MRTtest/quadfp/GLSL
18:33:28: Parsing script Dither.material
18:33:28: Parsing script IsoSurf.material
18:33:28: Problem parsing the following Cg Uniform: '@TMP0' in file Ogre/IsoSurf/TessellateTetrahedraGS
18:33:28: Parsing script ASMSwizzle.material
18:33:28: Parsing script Glass.material
18:33:28: Parsing script Examples-Advanced.material
18:33:28: Compiler error: object unsupported by render system in Examples-Advanced.material(381)
18:33:28: Parsing script Embossed.material
18:33:28: Parsing script cursor.material
18:33:28: Parsing script missile.material
18:33:28: Compiler error: unknown error in missile.material(7): token "59.4555039496997," is not recognized
18:33:28: Parsing script SharpenEdges.material
18:33:28: Parsing script ASCII.material
18:33:28: Parsing script OldMovie.material
18:33:28: Parsing script facial.material
18:33:28: Parsing script HeatVision.material
18:33:28: Parsing script smoke.material
18:33:28: Parsing script sailboat.material
18:33:28: Compiler error: unknown error in sailboat.material(87): token "60.0," is not recognized
18:33:28: Parsing script alienship.material
18:33:28: Compiler error: unknown error in alienship.material(90): token "1.0," is not recognized
18:33:28: Parsing script boat.material
18:33:28: Parsing script VarianceShadowmap.material
18:33:28: Parsing script Posterize.material
18:33:28: Parsing script Example.material
18:33:28: OGRE EXCEPTION(2:InvalidParametersException): Parameter called camObjPos does not exist.  in GpuProgramParameters::_findNamedConstantDefinition at /root/ogre/ogre/OgreMain/src/OgreGpuProgramParams.cpp (line 1433)
18:33:28: Compiler error: invalid parameters in Example.material(762): setting of constant failed
18:33:28: GLSL compiling: Ogre/HardwareSkinningTwoWeightsShadowCasterGLSL
18:33:28: GLSL compiled : Ogre/HardwareSkinningTwoWeightsShadowCasterGLSL
18:33:28: Parsing script Bloom2.material
18:33:28: GLSL compiling: Bloom2_ps20_glsl
18:33:28: GLSL compiled : Bloom2_ps20_glsl
18:33:28: Parsing script Ogre.material
18:33:28: Parsing script OgreOcean.material
18:33:28: GLSL compiling: GLSL/OceanVS
18:33:28: GLSL compiled : GLSL/OceanVS
18:33:28: GLSL compiling: GLSL/OceanFS
18:33:28: GLSL compiled : GLSL/OceanFS
18:33:28: GLSL compiling: GLSL/Ocean2VS
18:33:28: GLSL compiled : GLSL/Ocean2VS
18:33:28: GLSL compiling: GLSL/Ocean2FS
18:33:28: GLSL compiled : GLSL/Ocean2FS
18:33:28: Parsing script ParticleGS.material
18:33:28: Parsing script GLSLSwizzle.material
18:33:28: GLSL compiling: Ogre/GPTest/Swizzle_GP_GLSL
18:33:28: GLSL compiled : Ogre/GPTest/Swizzle_GP_GLSL
18:33:28: GLSL compiling: Ogre/GPTest/Passthrough_VP_GLSL
18:33:28: GLSL compiled : Ogre/GPTest/Passthrough_VP_GLSL
18:33:28: Parsing script Bloom.material
18:33:28: GLSL compiling: Blur_ps_glsl
18:33:28: GLSL compiled : Blur_ps_glsl
18:33:28: GLSL compiling: Blur0_vs_glsl
18:33:28: GLSL compiled : Blur0_vs_glsl
18:33:28: GLSL compiling: Blur1_vs_glsl
18:33:28: GLSL compiled : Blur1_vs_glsl
18:33:28: Parsing script Tiling.material
18:33:28: Parsing script enemy.material
18:33:28: Parsing script ui.material
18:33:28: Parsing script life.material
18:33:28: Parsing script shield.material
18:33:28: Parsing script cube.material
18:33:28: Parsing script plane.material
18:33:28: Parsing script obj.material
18:33:28: Parsing script PythonOgreDebugPanel.material
18:33:28: Parsing script RomanBath.material
18:33:28: Parsing script emitted_emitter.particle
18:33:28: Parsing script smoke.particle
18:33:28: Parsing script Example.particle
18:33:28: Parsing script Example-Water.particle
18:33:28: Parsing script Examples.compositor
18:33:28: Parsing script sample.fontdef
18:33:28: Parsing script PythonOgreDebugPanel.overlay
18:33:28: Texture: popanel.png: Loading 1 faces(PF_A8R8G8B8,638x90x1) with 5 generated mipmaps from Image. Internal format is PF_A8R8G8B8,638x90x1.
18:33:28: Parsing script Example-Water.overlay
18:33:28: Parsing script Compositor.overlay
18:33:28: Parsing script Example-CubeMapping.overlay
18:33:28: Parsing script DP3.overlay
18:33:28: Parsing script Shadows.overlay
18:33:28: Parsing script Example-DynTex.overlay
18:33:28: Finished parsing scripts for resource group General
18:33:28: Parsing scripts for resource group Internal
18:33:28: Finished parsing scripts for resource group Internal
18:33:28: Can't assign material 1335851461_1_outline.png to SubEntity of GroundEntity because this Material does not exist. Have you forgotten to define it in a .material script?
18:33:28: Texture: rmenuLine.png: Loading 1 faces(PF_R8G8B8,128x128x1) with 5 generated mipmaps from Image. Internal format is PF_X8R8G8B8,128x128x1.
18:33:28: Texture: ecslentUI3.png: Loading 1 faces(PF_A8R8G8B8,1024x768x1) with 5 generated mipmaps from Image. Internal format is PF_A8R8G8B8,1024x768x1.
18:33:28: Mesh: Loading enemy.mesh.
18:33:28: Texture: 1335851645_1_square.png: Loading 1 faces(PF_R8G8B8,95x100x1) with 5 generated mipmaps from Image. Internal format is PF_X8R8G8B8,95x100x1.
18:33:28: Mesh: Loading shield.mesh.
18:33:28: Mesh: Loading obj.mesh.
18:33:28: Mesh: Loading life.mesh.
18:33:28: Mesh: Loading plane.mesh.
18:33:28: Texture: 1335851461_2_checker.png: Loading 1 faces(PF_R8G8B8,100x200x1) with 5 generated mipmaps from Image. Internal format is PF_X8R8G8B8,100x200x1.
18:33:28: Texture: 1335851461_1_outline.png: Loading 1 faces(PF_R8G8B8,100x100x1) with 5 generated mipmaps from Image. Internal format is PF_X8R8G8B8,100x100x1.
18:33:28: Mesh: Loading cube.mesh.
18:33:28: Texture: 1335850221_1_outline.png: Loading 1 faces(PF_R8G8B8,100x100x1) with 5 generated mipmaps from Image. Internal format is PF_X8R8G8B8,100x100x1.
18:33:28: Font BlueHighwayusing texture size 512x512
18:33:28: Info: Freetype returned null for character 127 in font BlueHighway
18:33:28: Info: Freetype returned null for character 128 in font BlueHighway
18:33:28: Info: Freetype returned null for character 129 in font BlueHighway
18:33:28: Info: Freetype returned null for character 130 in font BlueHighway
18:33:28: Info: Freetype returned null for character 131 in font BlueHighway
18:33:28: Info: Freetype returned null for character 132 in font BlueHighway
18:33:28: Info: Freetype returned null for character 133 in font BlueHighway
18:33:28: Info: Freetype returned null for character 134 in font BlueHighway
18:33:28: Info: Freetype returned null for character 135 in font BlueHighway
18:33:28: Info: Freetype returned null for character 136 in font BlueHighway
18:33:28: Info: Freetype returned null for character 137 in font BlueHighway
18:33:28: Info: Freetype returned null for character 138 in font BlueHighway
18:33:28: Info: Freetype returned null for character 139 in font BlueHighway
18:33:28: Info: Freetype returned null for character 140 in font BlueHighway
18:33:28: Info: Freetype returned null for character 141 in font BlueHighway
18:33:28: Info: Freetype returned null for character 142 in font BlueHighway
18:33:28: Info: Freetype returned null for character 143 in font BlueHighway
18:33:28: Info: Freetype returned null for character 144 in font BlueHighway
18:33:28: Info: Freetype returned null for character 145 in font BlueHighway
18:33:28: Info: Freetype returned null for character 146 in font BlueHighway
18:33:28: Info: Freetype returned null for character 147 in font BlueHighway
18:33:28: Info: Freetype returned null for character 148 in font BlueHighway
18:33:28: Info: Freetype returned null for character 149 in font BlueHighway
18:33:28: Info: Freetype returned null for character 150 in font BlueHighway
18:33:28: Info: Freetype returned null for character 151 in font BlueHighway
18:33:28: Info: Freetype returned null for character 152 in font BlueHighway
18:33:28: Info: Freetype returned null for character 153 in font BlueHighway
18:33:28: Info: Freetype returned null for character 154 in font BlueHighway
18:33:28: Info: Freetype returned null for character 155 in font BlueHighway
18:33:28: Info: Freetype returned null for character 156 in font BlueHighway
18:33:28: Info: Freetype returned null for character 157 in font BlueHighway
18:33:28: Info: Freetype returned null for character 158 in font BlueHighway
18:33:28: Info: Freetype returned null for character 159 in font BlueHighway
18:33:28: Info: Freetype returned null for character 160 in font BlueHighway
18:33:28: Texture: BlueHighwayTexture: Loading 1 faces(PF_BYTE_LA,512x512x1) with 0 generated mipmaps from Image. Internal format is PF_BYTE_LA,512x512x1.
